[2014-06-04 11:37:39] START
[2014-06-04 11:37:39] UPLOAD /home/web2py/applications/Bundjalung/modules/web2py.app.ImageGallery.w2p.py: 545
[2014-06-04 11:39:12] DELETE Bundjalung/modules/web2py.app.ImageGallery.w2p.py: -545
[2015-02-03 13:45:42] EDIT Bundjalung/controllers/parser.py: 0
[2015-02-03 13:55:06] CREATE learning.py: 0
[2015-02-03 13:59:02] CREATE learning.py: 0
[2019-04-23 21:48:40] EDIT Dharug/models/db.py: 0
[2019-04-23 21:49:04] EDIT Dharug/models/db.py: 0
[2019-04-23 21:49:16] EDIT Dharug/models/db.py: 0
[2019-04-23 23:28:45] EDIT Dharug/models/htmlparser.py: 0
[2019-04-23 23:29:03] EDIT Dharug/models/htmlparser.py: 0
[2019-04-23 23:29:28] EDIT Dharug/models/htmlparser.py: 0
[2019-04-23 23:29:40] EDIT Dharug/models/htmlparser.py: 0
[2019-04-23 23:30:11] EDIT Dharug/models/htmlparser.py: 0
[2019-04-23 23:30:14] EDIT Dharug/models/htmlparser.py: 0
[2019-04-23 23:30:53] EDIT Dharug/models/htmlparser.py: 0
[2019-04-23 23:31:06] EDIT Dharug/models/htmlparser.py: 0
[2019-04-23 23:31:21] EDIT Dharug/models/htmlparser.py: 0
[2019-04-23 23:31:28] EDIT Dharug/models/htmlparser.py: 0
[2019-04-23 23:31:45] EDIT Dharug/models/htmlparser.py: 0
[2019-04-23 23:32:11] EDIT Dharug/models/htmlparser.py: 0
[2019-04-23 23:32:13] EDIT Dharug/models/htmlparser.py: 0
[2019-04-23 23:32:41] EDIT Dharug/models/htmlparser.py: 0
[2019-04-23 23:33:36] EDIT Dharug/models/htmlparser.py: -1
[2019-04-23 23:33:44] EDIT Dharug/models/htmlparser.py: 0
[2019-04-23 23:34:05] EDIT Dharug/models/htmlparser.py: 0
[2019-04-23 23:34:07] EDIT Dharug/models/htmlparser.py: 0
