timestamp: 2014-05-16T17:25:56.341129
CREATE TABLE web2py_session_Bundjalung(
    id INT AUTO_INCREMENT NOT NULL,
    locked CHAR(1),
    client_ip VARCHAR(64),
    created_datetime DATETIME,
    modified_datetime DATETIME,
    unique_key VARCHAR(64),
    session_data LONGBLOB,
    PRIMARY KEY(id)
) ENGINE=InnoDB CHARACTER SET utf8;
faked!
timestamp: 2015-01-16T17:34:41.993394
CREATE TABLE dialect(
    id INT AUTO_INCREMENT NOT NULL,
    name VARCHAR(512),
    color VARCHAR(512),
    next VARCHAR(512),
    PRIMARY KEY (id)
) ENGINE=InnoDB CHARACTER SET utf8;
faked!
timestamp: 2015-01-17T14:37:12.477111
CREATE TABLE image(
    id INT AUTO_INCREMENT NOT NULL,
    show VARCHAR(512),
    title VARCHAR(512),
    file VARCHAR(512),
    PRIMARY KEY (id)
) ENGINE=InnoDB CHARACTER SET utf8;
faked!
timestamp: 2015-01-17T14:37:12.581587
CREATE TABLE plugin_wiki_rating(
    id INT AUTO_INCREMENT NOT NULL,
    tablename VARCHAR(512),
    record_id INT,
    rating DOUBLE,
    counter INT,
    PRIMARY KEY (id)
) ENGINE=InnoDB CHARACTER SET utf8;
faked!
timestamp: 2015-01-17T14:37:12.583864
CREATE TABLE plugin_wiki_rating_aux(
    id INT AUTO_INCREMENT NOT NULL,
    master INT, INDEX master__idx (master), FOREIGN KEY (master) REFERENCES plugin_wiki_rating (id) ON DELETE CASCADE,
    rating DOUBLE,
    created_by INT, INDEX created_by__idx (created_by), FOREIGN KEY (created_by) REFERENCES auth_user (id) ON DELETE CASCADE,
    PRIMARY KEY (id)
) ENGINE=InnoDB CHARACTER SET utf8;
faked!
timestamp: 2016-07-26T20:09:46.450836
CREATE TABLE web2py_session_Dharug(
    id INT AUTO_INCREMENT NOT NULL,
    locked CHAR(1),
    client_ip VARCHAR(64),
    created_datetime DATETIME,
    modified_datetime DATETIME,
    unique_key VARCHAR(64),
    session_data LONGBLOB,
    PRIMARY KEY (id)
) ENGINE=InnoDB CHARACTER SET utf8;
timestamp: 2016-07-26T20:24:59.512422
CREATE TABLE web2py_session_Dharug(
    id INT AUTO_INCREMENT NOT NULL,
    locked CHAR(1),
    client_ip VARCHAR(64),
    created_datetime DATETIME,
    modified_datetime DATETIME,
    unique_key VARCHAR(64),
    session_data LONGBLOB,
    PRIMARY KEY (id)
) ENGINE=InnoDB CHARACTER SET utf8;
faked!
timestamp: 2019-04-26T15:42:44.943474
CREATE TABLE `web2py_session_Dharug`(
    `id` INT AUTO_INCREMENT NOT NULL,
    `locked` CHAR(1),
    `client_ip` VARCHAR(64),
    `created_datetime` DATETIME,
    `modified_datetime` DATETIME,
    `unique_key` VARCHAR(64),
    `session_data` LONGBLOB,
    PRIMARY KEY (`id`)
) ENGINE=InnoDB CHARACTER SET utf8;
faked!
